2024-11-08 00:14 - DEBUG - Start of GUI and creation of manager
2024-11-08 00:14 - DEBUG - Start of GUI and creation of manager
2024-11-08 00:16 - DEBUG - Start of GUI and creation of manager
2024-11-08 00:25 - DEBUG - Start of GUI and creation of manager
2024-11-08 00:26 - DEBUG - Start of GUI and creation of manager
2024-11-08 00:31 - DEBUG - Start of GUI and creation of manager
2024-11-08 00:31 - DEBUG - Start of GUI and creation of manager
2024-11-08 00:32 - DEBUG - Start of GUI and creation of manager
2024-11-08 00:32 - DEBUG - Start of GUI and creation of manager
2024-11-08 00:33 - DEBUG - Start of GUI and creation of manager
2024-11-08 00:33 - DEBUG - Start of GUI and creation of manager
2024-11-08 00:39 - DEBUG - Start of GUI and creation of manager
2024-11-08 00:40 - DEBUG - open_data: Open directory "C:/Users/Simon/PycharmProjects/AuD_GUI/data/2024-11-07_04-color"
2024-11-08 00:40 - DEBUG - Open team at index 0
2024-11-08 00:40 - DEBUG - Open team 213748
2024-11-08 00:41 - DEBUG - Start of GUI and creation of manager
2024-11-08 00:41 - DEBUG - open_data: Open directory "C:/Users/Simon/PycharmProjects/AuD_GUI/data/2024-11-07_04-color"
2024-11-08 00:41 - DEBUG - Open team at index 0
2024-11-08 00:41 - DEBUG - Open team 213748
2024-11-08 00:47 - DEBUG - Start of GUI and creation of manager
2024-11-08 00:47 - DEBUG - import_data: Importing to "data\2024-11-08_09-BinarySearchTree"
2024-11-08 00:49 - DEBUG - Start of GUI and creation of manager
2024-11-08 00:49 - DEBUG - Start of GUI and creation of manager
2024-11-08 00:49 - DEBUG - import_data: Importing to "data\2024-11-08_09-BinarySearchTree"
2024-11-08 00:49 - DEBUG - Open team at index 0
2024-11-08 00:49 - DEBUG - Open team 239358
2024-11-08 00:50 - DEBUG - Open team at index 1
2024-11-08 00:50 - DEBUG - Open team 239427
2024-11-08 00:50 - DEBUG - Open team at index 2
2024-11-08 00:50 - DEBUG - Open team 238140
2024-11-08 00:50 - DEBUG - Open team at index 3
2024-11-08 00:50 - DEBUG - Open team 239389
2024-11-08 00:50 - DEBUG - Open team at index 2
2024-11-08 00:50 - DEBUG - Open team 238140
2024-11-08 00:50 - DEBUG - Open team at index 0
2024-11-08 00:50 - DEBUG - Open team 239358
2024-11-08 00:50 - DEBUG - Open team at index 1
2024-11-08 00:50 - DEBUG - Open team 239427
2024-11-08 00:50 - DEBUG - Open team at index 2
2024-11-08 00:50 - DEBUG - Open team 238140
2024-11-08 00:50 - DEBUG - Open team at index 3
2024-11-08 00:50 - DEBUG - Open team 239389
2024-11-08 00:50 - DEBUG - Open team at index 2
2024-11-08 00:50 - DEBUG - Open team 238140
2024-11-08 00:50 - DEBUG - Open team at index 1
2024-11-08 00:50 - DEBUG - Open team 239427
2024-11-08 00:50 - DEBUG - Open team at index 0
2024-11-08 00:50 - DEBUG - Open team 239358
2024-11-08 00:50 - DEBUG - Open team at index 1
2024-11-08 00:50 - DEBUG - Open team 239427
2024-11-08 00:50 - DEBUG - Open team at index 0
2024-11-08 00:50 - DEBUG - Open team 239358
2024-11-08 00:50 - DEBUG - Open team at index 1
2024-11-08 00:50 - DEBUG - Open team 239427
2024-11-08 00:50 - DEBUG - Open team at index 0
2024-11-08 00:50 - DEBUG - Open team 239358
2024-11-08 00:52 - DEBUG - Start of GUI and creation of manager
2024-11-08 00:52 - DEBUG - open_data: Open directory "C:/Users/Simon/PycharmProjects/AuD_GUI/data/2024-11-08_09-BinarySearchTree"
2024-11-08 00:52 - ERROR - open_data: OSError while searching for states
Traceback (most recent call last):
  File "C:\Users\Simon\PycharmProjects\AuD_GUI\manager.py", line 117, in open_data
    for team in os.listdir(self.pdf_dir):
FileNotFoundError: [WinError 3] Das System kann den angegebenen Pfad nicht finden: 'C:/Users/Simon/PycharmProjects/AuD_GUI/data/2024-11-08_09-BinarySearchTree\\Korrektureinteilung Blatt 9.xlsx\\Abgaben'
2024-11-08 00:52 - DEBUG - Open team at index 0
2024-11-08 00:55 - DEBUG - Start of GUI and creation of manager
2024-11-08 00:55 - DEBUG - open_data: Open directory "C:/Users/Simon/PycharmProjects/AuD_GUI/data/2024-11-08_09-BinarySearchTree"
2024-11-08 00:55 - DEBUG - Open team at index 0
2024-11-08 00:55 - DEBUG - Open team 238140
2024-11-08 01:18 - DEBUG - Start of GUI and creation of manager
2024-11-08 01:18 - DEBUG - Start of GUI and creation of manager
2024-11-08 01:18 - DEBUG - open_data: Open directory "C:/Users/Simon/PycharmProjects/AuD_GUI/data/2024-11-07_04-color"
2024-11-08 01:18 - DEBUG - Open team at index 0
2024-11-08 01:18 - DEBUG - Open team 213748
2024-11-08 01:19 - DEBUG - Start of GUI and creation of manager
2024-11-08 01:20 - DEBUG - open_data: Open directory "C:/Users/Simon/PycharmProjects/AuD_GUI/data/2024-11-07_04-color"
2024-11-08 01:20 - DEBUG - Open team at index 0
2024-11-08 01:20 - DEBUG - Open team 213748
2024-11-08 01:20 - DEBUG - Start of GUI and creation of manager
2024-11-08 01:20 - DEBUG - Start of GUI and creation of manager
2024-11-08 01:21 - DEBUG - Start of GUI and creation of manager
2024-11-08 01:22 - DEBUG - Start of GUI and creation of manager
2024-11-08 01:23 - DEBUG - Start of GUI and creation of manager
2024-11-08 01:23 - DEBUG - Start of GUI and creation of manager
2024-11-08 01:25 - DEBUG - Start of GUI and creation of manager
2024-11-08 01:25 - DEBUG - open_data aborted by user
2024-11-08 01:25 - DEBUG - open_data: Open directory "C:/Users/Simon/PycharmProjects/AuD_GUI/data/2024-11-08_09-BinarySearchTree"
2024-11-08 01:25 - DEBUG - Open team at index 0
2024-11-08 01:25 - DEBUG - Open team 238140
2024-11-08 01:32 - DEBUG - Start of GUI and creation of manager
2024-11-08 01:32 - DEBUG - open_data: Open directory "C:/Users/Simon/PycharmProjects/AuD_GUI/data/2024-11-07_04-color"
2024-11-08 01:32 - DEBUG - Open team at index 0
2024-11-08 01:32 - DEBUG - Open team 213748
2024-11-08 01:32 - DEBUG - Start of GUI and creation of manager
2024-11-08 01:32 - DEBUG - open_data: Open directory "C:/Users/Simon/PycharmProjects/AuD_GUI/data/2024-11-07_04-color"
2024-11-08 01:32 - DEBUG - Open team at index 0
2024-11-08 01:32 - DEBUG - Open team 213748
2024-11-08 01:36 - DEBUG - Start of GUI and creation of manager
2024-11-08 01:36 - DEBUG - open_data: Open directory "C:/Users/Simon/PycharmProjects/AuD_GUI/data/2024-11-07_04-color"
2024-11-08 01:36 - DEBUG - Open team at index 0
2024-11-08 01:36 - DEBUG - Open team 213748
