2024-11-07 10:19 - DEBUG - Start of GUI and creation of manager
2024-11-07 10:19 - DEBUG - open_data: Open directory "C:/Users/Simon/PycharmProjects/AuD_GUI/data/2024-11-05_04-color"
2024-11-07 11:43 - DEBUG - Start of GUI and creation of manager
2024-11-07 11:43 - DEBUG - open_data: Open directory "C:/Users/Simon/PycharmProjects/AuD_GUI/data/2024-11-05_04-color"
2024-11-07 11:44 - DEBUG - Start of GUI and creation of manager
2024-11-07 11:44 - DEBUG - open_data: Open directory "C:/Users/Simon/PycharmProjects/AuD_GUI/data/2024-11-05_04-color"
2024-11-07 11:44 - DEBUG - Start of GUI and creation of manager
2024-11-07 11:44 - DEBUG - Start of GUI and creation of manager
2024-11-07 11:44 - DEBUG - open_data: Open directory "C:/Users/Simon/PycharmProjects/AuD_GUI/data/2024-11-05_04-color"
2024-11-07 11:45 - DEBUG - Start of GUI and creation of manager
2024-11-07 11:45 - DEBUG - open_data: Open directory "C:/Users/Simon/PycharmProjects/AuD_GUI/data/2024-11-05_04-color"
2024-11-07 11:46 - DEBUG - Start of GUI and creation of manager
2024-11-07 11:46 - DEBUG - open_data: Open directory "C:/Users/Simon/PycharmProjects/AuD_GUI/data/2024-11-05_04-color"
2024-11-07 11:47 - DEBUG - Start of GUI and creation of manager
2024-11-07 11:47 - DEBUG - open_data: Open directory "C:/Users/Simon/PycharmProjects/AuD_GUI/data/2024-11-05_04-color"
2024-11-07 11:47 - DEBUG - Start of GUI and creation of manager
2024-11-07 11:47 - DEBUG - open_data: Open directory "C:/Users/Simon/PycharmProjects/AuD_GUI/data/2024-11-05_04-color"
2024-11-07 11:48 - DEBUG - Start of GUI and creation of manager
2024-11-07 11:48 - DEBUG - open_data: Open directory "C:/Users/Simon/PycharmProjects/AuD_GUI/data/2024-11-05_04-color"
2024-11-07 11:49 - DEBUG - Start of GUI and creation of manager
2024-11-07 11:49 - DEBUG - Start of GUI and creation of manager
2024-11-07 11:49 - DEBUG - open_data: Open directory "C:/Users/Simon/PycharmProjects/AuD_GUI/data/2024-11-05_04-color"
2024-11-07 12:27 - DEBUG - Start of GUI and creation of manager
2024-11-07 12:29 - DEBUG - open_data: Open directory "C:/Users/Simon/PycharmProjects/AuD_GUI/data/2024-11-05_04-color"
2024-11-07 12:30 - DEBUG - Start of GUI and creation of manager
2024-11-07 12:31 - DEBUG - Start of GUI and creation of manager
2024-11-07 12:32 - DEBUG - open_data: Open directory "C:/Users/Simon/PycharmProjects/AuD_GUI/data/2024-11-05_04-color"
2024-11-07 12:32 - DEBUG - Start of GUI and creation of manager
2024-11-07 12:32 - DEBUG - open_data: Open directory "C:/Users/Simon/PycharmProjects/AuD_GUI/data/2024-11-05_04-color"
2024-11-07 12:37 - DEBUG - Start of GUI and creation of manager
2024-11-07 12:37 - DEBUG - open_data: Open directory "C:/Users/Simon/PycharmProjects/AuD_GUI/data/2024-11-05_04-color"
2024-11-07 12:38 - DEBUG - Start of GUI and creation of manager
2024-11-07 12:38 - DEBUG - open_data: Open directory "C:/Users/Simon/PycharmProjects/AuD_GUI/data/2024-11-05_04-color"
2024-11-07 12:40 - DEBUG - Start of GUI and creation of manager
2024-11-07 12:40 - DEBUG - open_data: Open directory "C:/Users/Simon/PycharmProjects/AuD_GUI/data/2024-11-05_04-color"
2024-11-07 12:42 - DEBUG - Start of GUI and creation of manager
2024-11-07 12:43 - DEBUG - open_data: Open directory "C:/Users/Simon/PycharmProjects/AuD_GUI/data/2024-11-05_04-color"
2024-11-07 12:44 - DEBUG - Start of GUI and creation of manager
2024-11-07 12:44 - DEBUG - open_data: Open directory "C:/Users/Simon/PycharmProjects/AuD_GUI/data/2024-11-05_04-color"
2024-11-07 12:46 - DEBUG - Start of GUI and creation of manager
2024-11-07 12:46 - DEBUG - open_data: Open directory "C:/Users/Simon/PycharmProjects/AuD_GUI/data/2024-11-05_04-color"
2024-11-07 12:47 - DEBUG - Start of GUI and creation of manager
2024-11-07 12:52 - DEBUG - Start of GUI and creation of manager
2024-11-07 12:52 - DEBUG - open_data: Open directory "C:/Users/Simon/PycharmProjects/AuD_GUI/data/2024-11-05_04-color"
2024-11-07 12:52 - DEBUG - Open team at index 0
2024-11-07 12:52 - DEBUG - Open team 213748
2024-11-07 12:52 - DEBUG - Open PDF for team 213748 (Location: C:/Users/Simon/PycharmProjects/AuD_GUI\data\2024-11-05_04-color\Programmieraufgabe 4 - 04-color-Korrektur\Abgaben\Team 213748\Korrektur.pdf)
2024-11-07 12:57 - DEBUG - Start of GUI and creation of manager
2024-11-07 12:57 - DEBUG - open_data: Open directory "C:/Users/Simon/PycharmProjects/AuD_GUI/data/2024-11-05_04-color"
2024-11-07 12:57 - DEBUG - Open team at index 0
2024-11-07 12:57 - DEBUG - Open team 213748
2024-11-07 12:57 - DEBUG - Open team at index 1
2024-11-07 12:57 - DEBUG - Open team 213754
2024-11-07 12:57 - DEBUG - Open team at index 0
2024-11-07 12:57 - DEBUG - Open team 213748
2024-11-07 12:58 - DEBUG - Start of GUI and creation of manager
2024-11-07 12:58 - DEBUG - open_data: Open directory "C:/Users/Simon/PycharmProjects/AuD_GUI/data/2024-11-05_04-color"
2024-11-07 12:58 - DEBUG - Open team at index 0
2024-11-07 12:58 - DEBUG - Open team 213748
2024-11-07 12:58 - DEBUG - Open team at index 1
2024-11-07 12:58 - DEBUG - Open team 213754
2024-11-07 12:58 - DEBUG - Open team at index 0
2024-11-07 12:58 - DEBUG - Open team 213748
2024-11-07 12:58 - DEBUG - Open team at index 1
2024-11-07 12:58 - DEBUG - Open team 213754
2024-11-07 12:58 - DEBUG - Open team at index 2
2024-11-07 12:58 - DEBUG - Open team 213758
2024-11-07 12:58 - DEBUG - Open team at index 3
2024-11-07 12:58 - DEBUG - Open team 213759
2024-11-07 12:58 - DEBUG - Open team at index 2
2024-11-07 12:58 - DEBUG - Open team 213758
2024-11-07 12:58 - DEBUG - Open team at index 1
2024-11-07 12:58 - DEBUG - Open team 213754
2024-11-07 12:58 - DEBUG - Open team at index 2
2024-11-07 12:58 - DEBUG - Open team 213758
2024-11-07 12:58 - DEBUG - Open team at index 3
2024-11-07 12:58 - DEBUG - Open team 213759
2024-11-07 12:58 - DEBUG - Open team at index 4
2024-11-07 12:58 - DEBUG - Open team 213762
2024-11-07 12:58 - DEBUG - Open team at index 3
2024-11-07 12:58 - DEBUG - Open team 213759
2024-11-07 12:58 - DEBUG - Open team at index 2
2024-11-07 12:58 - DEBUG - Open team 213758
2024-11-07 12:58 - DEBUG - Open team at index 1
2024-11-07 12:58 - DEBUG - Open team 213754
2024-11-07 12:59 - DEBUG - open_data: Open directory "C:/Users/Simon/PycharmProjects/AuD_GUI/data/2024-11-04_04-color"
2024-11-07 12:59 - DEBUG - Open team at index 0
2024-11-07 12:59 - DEBUG - Open team 210343
2024-11-07 12:59 - DEBUG - open_data: Open directory "C:/Users/Simon/PycharmProjects/AuD_GUI/data/2024-11-05_04-color"
2024-11-07 12:59 - DEBUG - Open team at index 0
2024-11-07 12:59 - DEBUG - Open team 213748
2024-11-07 12:59 - DEBUG - Open team at index 1
2024-11-07 12:59 - DEBUG - Open team 213754
2024-11-07 12:59 - DEBUG - Open team at index 2
2024-11-07 12:59 - DEBUG - Open team 213758
2024-11-07 12:59 - DEBUG - open_data: Open directory "C:/Users/Simon/PycharmProjects/AuD_GUI/data/2024-11-04_04-color"
2024-11-07 12:59 - DEBUG - Open team at index 0
2024-11-07 12:59 - DEBUG - Open team 210343
2024-11-07 12:59 - DEBUG - open_data: Open directory "C:/Users/Simon/PycharmProjects/AuD_GUI/data/2024-11-05_04-color"
2024-11-07 12:59 - DEBUG - Open team at index 0
2024-11-07 12:59 - DEBUG - Open team 213748
2024-11-07 12:59 - DEBUG - Open team at index 1
2024-11-07 12:59 - DEBUG - Open team 213754
2024-11-07 12:59 - DEBUG - Open team at index 2
2024-11-07 12:59 - DEBUG - Open team 213758
2024-11-07 12:59 - DEBUG - open_data: Open directory "C:/Users/Simon/PycharmProjects/AuD_GUI/data/2024-11-04_04-color"
2024-11-07 12:59 - DEBUG - Open team at index 0
2024-11-07 12:59 - DEBUG - Open team 210343
2024-11-07 13:00 - DEBUG - open_data: Open directory "C:/Users/Simon/PycharmProjects/AuD_GUI/data/2024-11-05_04-color"
2024-11-07 13:00 - DEBUG - Open team at index 0
2024-11-07 13:00 - DEBUG - Open team 213748
2024-11-07 13:50 - DEBUG - Start of GUI and creation of manager
2024-11-07 13:50 - DEBUG - open_data: Open directory "C:/Users/Simon/PycharmProjects/AuD_GUI/data/2024-11-05_04-color"
2024-11-07 13:50 - DEBUG - Open team at index 0
2024-11-07 13:50 - DEBUG - Open team 213748
2024-11-07 13:51 - DEBUG - Start of GUI and creation of manager
2024-11-07 13:52 - DEBUG - open_data: Open directory "C:/Users/Simon/PycharmProjects/AuD_GUI/data/2024-11-05_04-color"
2024-11-07 13:52 - DEBUG - Open team at index 0
2024-11-07 13:52 - DEBUG - Open team 213748
2024-11-07 13:52 - DEBUG - Start of GUI and creation of manager
2024-11-07 13:52 - DEBUG - open_data: Open directory "C:/Users/Simon/PycharmProjects/AuD_GUI/data/2024-11-05_04-color"
2024-11-07 13:52 - DEBUG - Open team at index 0
2024-11-07 13:52 - DEBUG - Open team 213748
2024-11-07 13:52 - DEBUG - Open team at index 1
2024-11-07 13:52 - DEBUG - Open team 213754
2024-11-07 13:52 - DEBUG - Open team at index 2
2024-11-07 13:52 - DEBUG - Open team 213758
2024-11-07 13:53 - DEBUG - Start of GUI and creation of manager
2024-11-07 13:53 - DEBUG - open_data: Open directory "C:/Users/Simon/PycharmProjects/AuD_GUI/data/2024-11-05_04-color"
2024-11-07 13:53 - DEBUG - Open team at index 0
2024-11-07 13:53 - DEBUG - Open team 213748
2024-11-07 13:53 - DEBUG - Open team at index 1
2024-11-07 13:53 - DEBUG - Open team 213754
2024-11-07 13:53 - DEBUG - Open team at index 2
2024-11-07 13:53 - DEBUG - Open team 213758
2024-11-07 13:53 - DEBUG - Open team at index 6
2024-11-07 13:53 - DEBUG - Open team 213766
2024-11-07 13:53 - DEBUG - Start of GUI and creation of manager
2024-11-07 13:53 - DEBUG - open_data: Open directory "C:/Users/Simon/PycharmProjects/AuD_GUI/data/2024-11-05_04-color"
2024-11-07 13:53 - DEBUG - Open team at index 0
2024-11-07 13:53 - DEBUG - Open team 213748
2024-11-07 13:53 - DEBUG - Start of GUI and creation of manager
2024-11-07 13:54 - DEBUG - open_data: Open directory "C:/Users/Simon/PycharmProjects/AuD_GUI/data/2024-11-05_04-color"
2024-11-07 13:54 - DEBUG - Open team at index 0
2024-11-07 13:54 - DEBUG - Open team 213748
2024-11-07 14:22 - DEBUG - Start of GUI and creation of manager
2024-11-07 14:23 - DEBUG - Start of GUI and creation of manager
2024-11-07 14:24 - DEBUG - open_data: Open directory "C:/Users/Simon/PycharmProjects/AuD_GUI/data/2024-11-05_04-color"
2024-11-07 14:24 - DEBUG - Open team at index 0
2024-11-07 14:24 - DEBUG - Open team 213748
2024-11-07 14:47 - DEBUG - Start of GUI and creation of manager
2024-11-07 14:47 - DEBUG - open_data: Open directory "C:/Users/Simon/PycharmProjects/AuD_GUI/data/2024-11-05_04-color"
2024-11-07 14:47 - DEBUG - Open team at index 0
2024-11-07 14:47 - DEBUG - Open team 213748
2024-11-07 14:48 - DEBUG - Start of GUI and creation of manager
2024-11-07 14:48 - DEBUG - open_data: Open directory "C:/Users/Simon/PycharmProjects/AuD_GUI/data/2024-11-05_04-color"
2024-11-07 14:48 - DEBUG - Open team at index 0
2024-11-07 14:48 - DEBUG - Open team 213748
2024-11-07 14:49 - DEBUG - Start of GUI and creation of manager
2024-11-07 14:49 - DEBUG - open_data: Open directory "C:/Users/Simon/PycharmProjects/AuD_GUI/data/2024-11-05_04-color"
2024-11-07 14:49 - DEBUG - Open team at index 0
2024-11-07 14:49 - DEBUG - Open team 213748
2024-11-07 14:49 - DEBUG - Start of GUI and creation of manager
2024-11-07 14:50 - DEBUG - open_data: Open directory "C:/Users/Simon/PycharmProjects/AuD_GUI/data/2024-11-05_04-color"
2024-11-07 14:50 - DEBUG - Open team at index 0
2024-11-07 14:50 - DEBUG - Open team 213748
2024-11-07 14:52 - DEBUG - Start of GUI and creation of manager
2024-11-07 14:52 - DEBUG - open_data: Open directory "C:/Users/Simon/PycharmProjects/AuD_GUI/data/2024-11-05_04-color"
2024-11-07 14:52 - DEBUG - Open team at index 0
2024-11-07 14:52 - DEBUG - Open team 213748
2024-11-07 14:57 - DEBUG - Start of GUI and creation of manager
2024-11-07 14:57 - DEBUG - open_data: Open directory "C:/Users/Simon/PycharmProjects/AuD_GUI/data/2024-11-05_04-color"
2024-11-07 14:57 - DEBUG - Open team at index 0
2024-11-07 14:57 - DEBUG - Open team 213748
2024-11-07 15:15 - DEBUG - Start of GUI and creation of manager
2024-11-07 15:15 - DEBUG - open_data: Open directory "C:/Users/Simon/PycharmProjects/AuD_GUI/data/2024-11-05_04-color"
2024-11-07 15:15 - DEBUG - Open team at index 0
2024-11-07 15:15 - DEBUG - Open team 213748
2024-11-07 15:16 - DEBUG - Start of GUI and creation of manager
2024-11-07 15:16 - DEBUG - open_data: Open directory "C:/Users/Simon/PycharmProjects/AuD_GUI/data/2024-11-05_04-color"
2024-11-07 15:16 - DEBUG - Open team at index 0
2024-11-07 15:16 - DEBUG - Open team 213748
2024-11-07 15:17 - DEBUG - Start of GUI and creation of manager
2024-11-07 15:17 - DEBUG - open_data: Open directory "C:/Users/Simon/PycharmProjects/AuD_GUI/data/2024-11-05_04-color"
2024-11-07 15:17 - DEBUG - Open team at index 0
2024-11-07 15:17 - DEBUG - Open team 213748
2024-11-07 15:18 - DEBUG - Start of GUI and creation of manager
2024-11-07 15:18 - DEBUG - open_data: Open directory "C:/Users/Simon/PycharmProjects/AuD_GUI/data/2024-11-05_04-color"
2024-11-07 15:18 - DEBUG - Open team at index 0
2024-11-07 15:18 - DEBUG - Open team 213748
2024-11-07 15:21 - DEBUG - Start of GUI and creation of manager
2024-11-07 15:21 - DEBUG - open_data: Open directory "C:/Users/Simon/PycharmProjects/AuD_GUI/data/2024-11-05_04-color"
2024-11-07 15:21 - DEBUG - Open team at index 0
2024-11-07 15:21 - DEBUG - Open team 213748
2024-11-07 15:24 - DEBUG - Start of GUI and creation of manager
2024-11-07 15:24 - DEBUG - open_data: Open directory "C:/Users/Simon/PycharmProjects/AuD_GUI/data/2024-11-05_04-color"
2024-11-07 15:24 - DEBUG - Open team at index 0
2024-11-07 15:24 - DEBUG - Open team 213748
2024-11-07 16:27 - DEBUG - Start of GUI and creation of manager
2024-11-07 16:27 - DEBUG - open_data: Open directory "C:/Users/Simon/PycharmProjects/AuD_GUI/data/2024-11-05_04-color"
2024-11-07 16:27 - DEBUG - Open team at index 0
2024-11-07 16:27 - DEBUG - Open team 213748
2024-11-07 16:55 - DEBUG - Start of GUI and creation of manager
2024-11-07 16:55 - DEBUG - open_data: Open directory "C:/Users/Simon/PycharmProjects/AuD_GUI/data/2024-11-05_04-color"
2024-11-07 16:55 - DEBUG - Open team at index 0
2024-11-07 16:55 - DEBUG - Open team 213748
2024-11-07 16:56 - DEBUG - Start of GUI and creation of manager
2024-11-07 16:56 - DEBUG - open_data: Open directory "C:/Users/Simon/PycharmProjects/AuD_GUI/data/2024-11-05_04-color"
2024-11-07 16:56 - DEBUG - Open team at index 0
2024-11-07 16:56 - DEBUG - Open team 213748
2024-11-07 16:56 - DEBUG - Start of GUI and creation of manager
2024-11-07 16:56 - DEBUG - open_data: Open directory "C:/Users/Simon/PycharmProjects/AuD_GUI/data/2024-11-05_04-color"
2024-11-07 16:56 - DEBUG - Open team at index 0
2024-11-07 16:56 - DEBUG - Open team 213748
2024-11-07 16:57 - DEBUG - Start of GUI and creation of manager
2024-11-07 16:57 - DEBUG - open_data: Open directory "C:/Users/Simon/PycharmProjects/AuD_GUI/data/2024-11-05_04-color"
2024-11-07 16:57 - DEBUG - Open team at index 0
2024-11-07 16:57 - DEBUG - Open team 213748
2024-11-07 17:00 - DEBUG - Start of GUI and creation of manager
2024-11-07 17:00 - DEBUG - open_data: Open directory "C:/Users/Simon/PycharmProjects/AuD_GUI/data/2024-11-05_04-color"
2024-11-07 17:00 - DEBUG - Open team at index 0
2024-11-07 17:00 - DEBUG - Open team 213748
2024-11-07 17:00 - DEBUG - Start of GUI and creation of manager
2024-11-07 17:00 - DEBUG - open_data: Open directory "C:/Users/Simon/PycharmProjects/AuD_GUI/data/2024-11-05_04-color"
2024-11-07 17:00 - DEBUG - Open team at index 0
2024-11-07 17:00 - DEBUG - Open team 213748
2024-11-07 17:01 - DEBUG - Open team at index 1
2024-11-07 17:01 - DEBUG - Open team 213754
2024-11-07 17:01 - DEBUG - Open team at index 2
2024-11-07 17:01 - DEBUG - Open team 213758
2024-11-07 17:01 - DEBUG - Open team at index 3
2024-11-07 17:01 - DEBUG - Open team 213759
2024-11-07 17:01 - DEBUG - Open team at index 5
2024-11-07 17:01 - DEBUG - Open team 213764
2024-11-07 17:01 - DEBUG - Open team at index 7
2024-11-07 17:01 - DEBUG - Open team 213767
2024-11-07 17:01 - DEBUG - Open team at index 8
2024-11-07 17:01 - DEBUG - Open team 213771
2024-11-07 17:01 - DEBUG - Open team at index 7
2024-11-07 17:01 - DEBUG - Open team 213767
2024-11-07 17:01 - DEBUG - Open team at index 8
2024-11-07 17:01 - DEBUG - Open team 213771
2024-11-07 17:02 - DEBUG - Open team at index 9
2024-11-07 17:02 - DEBUG - Open team 213774
2024-11-07 17:02 - DEBUG - Open team at index 10
2024-11-07 17:02 - DEBUG - Open team 213776
2024-11-07 17:02 - DEBUG - Open team at index 11
2024-11-07 17:02 - DEBUG - Open team 213779
2024-11-07 17:03 - DEBUG - Open team at index 10
2024-11-07 17:03 - DEBUG - Open team 213776
2024-11-07 17:03 - DEBUG - Open team at index 11
2024-11-07 17:03 - DEBUG - Open team 213779
2024-11-07 17:09 - DEBUG - Start of GUI and creation of manager
2024-11-07 17:09 - DEBUG - open_data: Open directory "C:/Users/Simon/PycharmProjects/AuD_GUI/data/2024-11-05_04-color"
2024-11-07 17:09 - DEBUG - Open team at index 0
2024-11-07 17:09 - DEBUG - Open team 213748
2024-11-07 17:12 - DEBUG - Start of GUI and creation of manager
2024-11-07 17:13 - DEBUG - open_data: Open directory "C:/Users/Simon/PycharmProjects/AuD_GUI/data/2024-11-05_04-color"
2024-11-07 17:13 - DEBUG - Open team at index 0
2024-11-07 17:13 - DEBUG - Open team 213748
2024-11-07 17:13 - DEBUG - Start of GUI and creation of manager
2024-11-07 17:13 - DEBUG - open_data: Open directory "C:/Users/Simon/PycharmProjects/AuD_GUI/data/2024-11-05_04-color"
2024-11-07 17:13 - DEBUG - Open team at index 0
2024-11-07 17:13 - DEBUG - Open team 213748
2024-11-07 17:13 - DEBUG - Open team at index 1
2024-11-07 17:13 - DEBUG - Open team 213754
2024-11-07 17:13 - DEBUG - Open team at index 0
2024-11-07 17:13 - DEBUG - Open team 213748
2024-11-07 17:13 - DEBUG - Open team at index 2
2024-11-07 17:13 - DEBUG - Open team 213758
2024-11-07 17:13 - DEBUG - Open team at index 1
2024-11-07 17:13 - DEBUG - Open team 213754
2024-11-07 17:14 - DEBUG - Start of GUI and creation of manager
2024-11-07 17:14 - DEBUG - open_data: Open directory "C:/Users/Simon/PycharmProjects/AuD_GUI/data/2024-11-05_04-color"
2024-11-07 17:14 - DEBUG - Open team at index 0
2024-11-07 17:14 - DEBUG - Open team 213748
2024-11-07 17:15 - DEBUG - Open team at index 1
2024-11-07 17:15 - DEBUG - Open team 213754
2024-11-07 17:15 - DEBUG - Open team at index 2
2024-11-07 17:15 - DEBUG - Open team 213758
2024-11-07 17:15 - DEBUG - Open team at index 0
2024-11-07 17:15 - DEBUG - Open team 213748
2024-11-07 17:15 - DEBUG - Open team at index 4
2024-11-07 17:15 - DEBUG - Open team 213762
2024-11-07 17:15 - DEBUG - Open team at index 3
2024-11-07 17:15 - DEBUG - Open team 213759
2024-11-07 17:15 - DEBUG - Open team at index 4
2024-11-07 17:15 - DEBUG - Open team 213762
2024-11-07 17:15 - DEBUG - Open team at index 3
2024-11-07 17:15 - DEBUG - Open team 213759
2024-11-07 17:15 - DEBUG - Open team at index 4
2024-11-07 17:15 - DEBUG - Open team 213762
2024-11-07 17:15 - DEBUG - Open team at index 0
2024-11-07 17:15 - DEBUG - Open team 213748
2024-11-07 17:15 - DEBUG - Start of GUI and creation of manager
2024-11-07 17:15 - DEBUG - open_data: Open directory "C:/Users/Simon/PycharmProjects/AuD_GUI/data/2024-11-05_04-color"
2024-11-07 17:15 - DEBUG - Open team at index 0
2024-11-07 17:15 - DEBUG - Open team 213748
2024-11-07 17:16 - DEBUG - Open team at index 27
2024-11-07 17:16 - DEBUG - Open team 213821
2024-11-07 17:16 - DEBUG - Open team at index 5
2024-11-07 17:16 - DEBUG - Open team 213764
2024-11-07 17:16 - DEBUG - Open team at index 27
2024-11-07 17:16 - DEBUG - Open team 213821
2024-11-07 17:16 - DEBUG - Open team at index 27
2024-11-07 17:16 - DEBUG - Open team 213821
2024-11-07 17:16 - DEBUG - Open team at index 0
2024-11-07 17:16 - DEBUG - Open team 213748
2024-11-07 17:16 - DEBUG - Open team at index 1
2024-11-07 17:16 - DEBUG - Open team 213754
2024-11-07 17:16 - DEBUG - Open team at index 0
2024-11-07 17:16 - DEBUG - Open team 213748
2024-11-07 17:17 - DEBUG - Open team at index 1
2024-11-07 17:17 - DEBUG - Open team 213754
2024-11-07 17:17 - DEBUG - Open team at index 0
2024-11-07 17:17 - DEBUG - Open team 213748
2024-11-07 17:17 - DEBUG - Open team at index 1
2024-11-07 17:17 - DEBUG - Open team 213754
2024-11-07 17:17 - DEBUG - Open team at index 2
2024-11-07 17:17 - DEBUG - Open team 213758
2024-11-07 17:17 - DEBUG - Open team at index 3
2024-11-07 17:17 - DEBUG - Open team 213759
2024-11-07 17:17 - DEBUG - Open team at index 4
2024-11-07 17:17 - DEBUG - Open team 213762
2024-11-07 17:17 - DEBUG - Open team at index 5
2024-11-07 17:17 - DEBUG - Open team 213764
2024-11-07 17:17 - DEBUG - Open team at index 6
2024-11-07 17:17 - DEBUG - Open team 213766
2024-11-07 17:21 - DEBUG - Start of GUI and creation of manager
2024-11-07 17:21 - DEBUG - open_data: Open directory "C:/Users/Simon/PycharmProjects/AuD_GUI/data/2024-11-05_04-color"
2024-11-07 17:21 - DEBUG - Open team at index 0
2024-11-07 17:21 - DEBUG - Open team 213748
2024-11-07 17:22 - DEBUG - Start of GUI and creation of manager
2024-11-07 17:22 - DEBUG - open_data: Open directory "C:/Users/Simon/PycharmProjects/AuD_GUI/data/2024-11-05_04-color"
2024-11-07 17:22 - DEBUG - Open team at index 0
2024-11-07 17:22 - DEBUG - Open team 213748
2024-11-07 17:23 - DEBUG - Start of GUI and creation of manager
2024-11-07 17:23 - DEBUG - open_data: Open directory "C:/Users/Simon/PycharmProjects/AuD_GUI/data/2024-11-05_04-color"
2024-11-07 17:23 - DEBUG - Open team at index 0
2024-11-07 17:23 - DEBUG - Open team 213748
2024-11-07 17:23 - DEBUG - Open team at index 1
2024-11-07 17:23 - DEBUG - Open team 213754
2024-11-07 17:23 - DEBUG - Open team at index 0
2024-11-07 17:23 - DEBUG - Open team 213748
2024-11-07 17:23 - DEBUG - Open team at index 1
2024-11-07 17:23 - DEBUG - Open team 213754
2024-11-07 17:23 - DEBUG - Open team at index 2
2024-11-07 17:23 - DEBUG - Open team 213758
2024-11-07 17:23 - DEBUG - Open team at index 3
2024-11-07 17:23 - DEBUG - Open team 213759
2024-11-07 17:23 - DEBUG - Open team at index 2
2024-11-07 17:23 - DEBUG - Open team 213758
2024-11-07 17:23 - DEBUG - Open team at index 1
2024-11-07 17:23 - DEBUG - Open team 213754
2024-11-07 17:23 - DEBUG - Open team at index 0
2024-11-07 17:23 - DEBUG - Open team 213748
2024-11-07 17:23 - DEBUG - Open team at index 1
2024-11-07 17:23 - DEBUG - Open team 213754
2024-11-07 17:23 - DEBUG - Open team at index 2
2024-11-07 17:23 - DEBUG - Open team 213758
2024-11-07 17:23 - DEBUG - Open team at index 1
2024-11-07 17:23 - DEBUG - Open team 213754
2024-11-07 17:23 - DEBUG - Open team at index 0
2024-11-07 17:23 - DEBUG - Open team 213748
2024-11-07 17:23 - DEBUG - Open team at index 0
2024-11-07 17:23 - DEBUG - Open team 213748
2024-11-07 17:23 - DEBUG - Open team at index 1
2024-11-07 17:23 - DEBUG - Open team 213754
2024-11-07 17:23 - DEBUG - Open team at index 2
2024-11-07 17:23 - DEBUG - Open team 213758
2024-11-07 17:23 - DEBUG - Open team at index 3
2024-11-07 17:23 - DEBUG - Open team 213759
2024-11-07 17:23 - DEBUG - Open team at index 4
2024-11-07 17:23 - DEBUG - Open team 213762
2024-11-07 17:23 - DEBUG - Open team at index 5
2024-11-07 17:23 - DEBUG - Open team 213764
2024-11-07 17:23 - DEBUG - Open team at index 4
2024-11-07 17:23 - DEBUG - Open team 213762
2024-11-07 17:23 - DEBUG - Open team at index 3
2024-11-07 17:23 - DEBUG - Open team 213759
2024-11-07 17:23 - DEBUG - Open team at index 2
2024-11-07 17:23 - DEBUG - Open team 213758
2024-11-07 17:23 - DEBUG - Open team at index 1
2024-11-07 17:23 - DEBUG - Open team 213754
2024-11-07 17:23 - DEBUG - Open team at index 0
2024-11-07 17:23 - DEBUG - Open team 213748
2024-11-07 17:23 - DEBUG - Open team at index 1
2024-11-07 17:23 - DEBUG - Open team 213754
2024-11-07 17:23 - DEBUG - Open team at index 2
2024-11-07 17:23 - DEBUG - Open team 213758
2024-11-07 17:23 - DEBUG - Open team at index 3
2024-11-07 17:23 - DEBUG - Open team 213759
2024-11-07 17:23 - DEBUG - Open team at index 4
2024-11-07 17:23 - DEBUG - Open team 213762
2024-11-07 17:23 - DEBUG - Open team at index 5
2024-11-07 17:23 - DEBUG - Open team 213764
2024-11-07 17:23 - DEBUG - Open team at index 6
2024-11-07 17:23 - DEBUG - Open team 213766
2024-11-07 17:23 - DEBUG - Open team at index 7
2024-11-07 17:23 - DEBUG - Open team 213767
2024-11-07 17:23 - DEBUG - Open team at index 6
2024-11-07 17:23 - DEBUG - Open team 213766
2024-11-07 17:23 - DEBUG - Open team at index 5
2024-11-07 17:23 - DEBUG - Open team 213764
2024-11-07 17:23 - DEBUG - Open team at index 4
2024-11-07 17:23 - DEBUG - Open team 213762
2024-11-07 17:23 - DEBUG - Open team at index 3
2024-11-07 17:23 - DEBUG - Open team 213759
2024-11-07 17:23 - DEBUG - Open team at index 2
2024-11-07 17:23 - DEBUG - Open team 213758
2024-11-07 17:23 - DEBUG - Open team at index 1
2024-11-07 17:23 - DEBUG - Open team 213754
2024-11-07 17:23 - DEBUG - Open team at index 0
2024-11-07 17:23 - DEBUG - Open team 213748
2024-11-07 17:23 - DEBUG - Open team at index 1
2024-11-07 17:23 - DEBUG - Open team 213754
2024-11-07 17:23 - DEBUG - Open team at index 0
2024-11-07 17:23 - DEBUG - Open team 213748
2024-11-07 17:23 - DEBUG - Open team at index 1
2024-11-07 17:23 - DEBUG - Open team 213754
2024-11-07 17:23 - DEBUG - Open team at index 0
2024-11-07 17:23 - DEBUG - Open team 213748
2024-11-07 17:23 - DEBUG - Open team at index 1
2024-11-07 17:23 - DEBUG - Open team 213754
2024-11-07 17:23 - DEBUG - Open team at index 2
2024-11-07 17:23 - DEBUG - Open team 213758
2024-11-07 17:23 - DEBUG - Open team at index 3
2024-11-07 17:23 - DEBUG - Open team 213759
2024-11-07 17:23 - DEBUG - Open team at index 4
2024-11-07 17:23 - DEBUG - Open team 213762
2024-11-07 17:23 - DEBUG - Open team at index 3
2024-11-07 17:23 - DEBUG - Open team 213759
2024-11-07 17:23 - DEBUG - Open team at index 2
2024-11-07 17:23 - DEBUG - Open team 213758
2024-11-07 17:23 - DEBUG - Open team at index 1
2024-11-07 17:23 - DEBUG - Open team 213754
2024-11-07 17:23 - DEBUG - Open team at index 0
2024-11-07 17:23 - DEBUG - Open team 213748
2024-11-07 17:23 - DEBUG - Open team at index 0
2024-11-07 17:23 - DEBUG - Open team 213748
2024-11-07 17:23 - DEBUG - Open team at index 1
2024-11-07 17:23 - DEBUG - Open team 213754
2024-11-07 17:23 - DEBUG - Open team at index 2
2024-11-07 17:23 - DEBUG - Open team 213758
2024-11-07 17:23 - DEBUG - Open team at index 3
2024-11-07 17:23 - DEBUG - Open team 213759
2024-11-07 17:23 - DEBUG - Open team at index 4
2024-11-07 17:23 - DEBUG - Open team 213762
2024-11-07 17:23 - DEBUG - Open team at index 5
2024-11-07 17:23 - DEBUG - Open team 213764
2024-11-07 17:23 - DEBUG - Open team at index 6
2024-11-07 17:23 - DEBUG - Open team 213766
2024-11-07 17:23 - DEBUG - Open team at index 7
2024-11-07 17:23 - DEBUG - Open team 213767
2024-11-07 17:23 - DEBUG - Open team at index 8
2024-11-07 17:23 - DEBUG - Open team 213771
2024-11-07 17:23 - DEBUG - Open team at index 9
2024-11-07 17:23 - DEBUG - Open team 213774
2024-11-07 17:23 - DEBUG - Open team at index 10
2024-11-07 17:23 - DEBUG - Open team 213776
2024-11-07 17:23 - DEBUG - Open team at index 9
2024-11-07 17:23 - DEBUG - Open team 213774
2024-11-07 17:23 - DEBUG - Open team at index 8
2024-11-07 17:23 - DEBUG - Open team 213771
2024-11-07 17:23 - DEBUG - Open team at index 7
2024-11-07 17:23 - DEBUG - Open team 213767
2024-11-07 17:23 - DEBUG - Open team at index 6
2024-11-07 17:23 - DEBUG - Open team 213766
2024-11-07 17:23 - DEBUG - Open team at index 5
2024-11-07 17:23 - DEBUG - Open team 213764
2024-11-07 17:23 - DEBUG - Open team at index 4
2024-11-07 17:23 - DEBUG - Open team 213762
2024-11-07 17:23 - DEBUG - Open team at index 3
2024-11-07 17:23 - DEBUG - Open team 213759
2024-11-07 17:23 - DEBUG - Open team at index 2
2024-11-07 17:23 - DEBUG - Open team 213758
2024-11-07 17:23 - DEBUG - Open team at index 1
2024-11-07 17:23 - DEBUG - Open team 213754
2024-11-07 17:23 - DEBUG - Open team at index 0
2024-11-07 17:23 - DEBUG - Open team 213748
2024-11-07 17:23 - DEBUG - Open team at index 0
2024-11-07 17:23 - DEBUG - Open team 213748
2024-11-07 17:26 - DEBUG - Start of GUI and creation of manager
2024-11-07 17:26 - DEBUG - open_data: Open directory "C:/Users/Simon/PycharmProjects/AuD_GUI/data/2024-11-05_04-color"
2024-11-07 17:26 - DEBUG - Open team at index 0
2024-11-07 17:26 - DEBUG - Open team 213748
2024-11-07 17:27 - DEBUG - Start of GUI and creation of manager
2024-11-07 17:27 - DEBUG - open_data: Open directory "C:/Users/Simon/PycharmProjects/AuD_GUI/data/2024-11-05_04-color"
2024-11-07 17:27 - DEBUG - Open team at index 0
2024-11-07 17:27 - DEBUG - Open team 213748
2024-11-07 17:27 - DEBUG - Open team at index 1
2024-11-07 17:27 - DEBUG - Open team 213754
2024-11-07 17:27 - DEBUG - Open team at index 0
2024-11-07 17:27 - DEBUG - Open team 213748
2024-11-07 17:27 - DEBUG - Open team at index 1
2024-11-07 17:27 - DEBUG - Open team 213754
2024-11-07 17:27 - DEBUG - Open team at index 0
2024-11-07 17:27 - DEBUG - Open team 213748
2024-11-07 17:27 - DEBUG - Open team at index 1
2024-11-07 17:27 - DEBUG - Open team 213754
2024-11-07 17:28 - DEBUG - Start of GUI and creation of manager
2024-11-07 17:28 - DEBUG - open_data: Open directory "C:/Users/Simon/PycharmProjects/AuD_GUI/data/2024-11-05_04-color"
2024-11-07 17:28 - DEBUG - Open team at index 0
2024-11-07 17:28 - DEBUG - Open team 213748
2024-11-07 17:31 - DEBUG - Start of GUI and creation of manager
2024-11-07 17:31 - DEBUG - Start of GUI and creation of manager
2024-11-07 17:32 - DEBUG - Start of GUI and creation of manager
2024-11-07 17:32 - DEBUG - open_data: Open directory "C:/Users/Simon/PycharmProjects/AuD_GUI/data/2024-11-05_04-color"
2024-11-07 17:32 - DEBUG - Open team at index 0
2024-11-07 17:32 - DEBUG - Open team 213748
2024-11-07 17:33 - DEBUG - Start of GUI and creation of manager
2024-11-07 17:33 - DEBUG - open_data: Open directory "C:/Users/Simon/PycharmProjects/AuD_GUI/data/2024-11-05_04-color"
2024-11-07 17:33 - DEBUG - Open team at index 0
2024-11-07 17:33 - DEBUG - Open team 213748
2024-11-07 17:33 - DEBUG - Start of GUI and creation of manager
2024-11-07 17:33 - DEBUG - open_data: Open directory "C:/Users/Simon/PycharmProjects/AuD_GUI/data/2024-11-05_04-color"
2024-11-07 17:33 - DEBUG - Open team at index 0
2024-11-07 17:33 - DEBUG - Open team 213748
2024-11-07 17:37 - DEBUG - Start of GUI and creation of manager
2024-11-07 17:39 - DEBUG - Start of GUI and creation of manager
2024-11-07 17:39 - DEBUG - open_data: Open directory "C:/Users/Simon/PycharmProjects/AuD_GUI/data/2024-11-05_04-color"
2024-11-07 17:39 - DEBUG - Open team at index 0
2024-11-07 17:39 - DEBUG - Open team 213748
2024-11-07 17:39 - DEBUG - Open team at index 1
2024-11-07 17:39 - DEBUG - Open team 213754
2024-11-07 17:39 - DEBUG - Open team at index 0
2024-11-07 17:39 - DEBUG - Open team 213748
2024-11-07 17:39 - DEBUG - Open team at index 1
2024-11-07 17:39 - DEBUG - Open team 213754
2024-11-07 17:39 - DEBUG - Open team at index 0
2024-11-07 17:39 - DEBUG - Open team 213748
2024-11-07 17:39 - DEBUG - Open team at index 1
2024-11-07 17:39 - DEBUG - Open team 213754
2024-11-07 17:39 - DEBUG - Open team at index 0
2024-11-07 17:39 - DEBUG - Open team 213748
2024-11-07 17:39 - DEBUG - Open team at index 1
2024-11-07 17:39 - DEBUG - Open team 213754
2024-11-07 17:39 - DEBUG - Open team at index 2
2024-11-07 17:39 - DEBUG - Open team 213758
2024-11-07 17:39 - DEBUG - Open team at index 3
2024-11-07 17:39 - DEBUG - Open team 213759
2024-11-07 17:39 - DEBUG - Open team at index 4
2024-11-07 17:39 - DEBUG - Open team 213762
2024-11-07 17:39 - DEBUG - Open team at index 5
2024-11-07 17:39 - DEBUG - Open team 213764
2024-11-07 17:39 - DEBUG - Open team at index 6
2024-11-07 17:39 - DEBUG - Open team 213766
2024-11-07 17:39 - DEBUG - Open team at index 5
2024-11-07 17:39 - DEBUG - Open team 213764
2024-11-07 17:39 - DEBUG - Open team at index 4
2024-11-07 17:39 - DEBUG - Open team 213762
2024-11-07 17:39 - DEBUG - Open team at index 3
2024-11-07 17:39 - DEBUG - Open team 213759
2024-11-07 17:39 - DEBUG - Open team at index 2
2024-11-07 17:39 - DEBUG - Open team 213758
2024-11-07 17:39 - DEBUG - Open team at index 1
2024-11-07 17:39 - DEBUG - Open team 213754
2024-11-07 17:39 - DEBUG - Open team at index 0
2024-11-07 17:39 - DEBUG - Open team 213748
2024-11-07 17:39 - DEBUG - Open team at index 0
2024-11-07 17:39 - DEBUG - Open team 213748
2024-11-07 17:39 - DEBUG - Open team at index 0
2024-11-07 17:39 - DEBUG - Open team 213748
2024-11-07 17:39 - DEBUG - Open team at index 0
2024-11-07 17:39 - DEBUG - Open team 213748
2024-11-07 17:39 - DEBUG - Open team at index 0
2024-11-07 17:39 - DEBUG - Open team 213748
2024-11-07 17:39 - DEBUG - Open team at index 0
2024-11-07 17:39 - DEBUG - Open team 213748
2024-11-07 17:39 - DEBUG - Open team at index 1
2024-11-07 17:39 - DEBUG - Open team 213754
2024-11-07 17:39 - DEBUG - Open team at index 2
2024-11-07 17:39 - DEBUG - Open team 213758
2024-11-07 17:39 - DEBUG - Open team at index 0
2024-11-07 17:39 - DEBUG - Open team 213748
2024-11-07 17:40 - DEBUG - Start of GUI and creation of manager
2024-11-07 17:40 - DEBUG - open_data: Open directory "C:/Users/Simon/PycharmProjects/AuD_GUI/data/2024-11-05_04-color"
2024-11-07 17:40 - DEBUG - Open team at index 0
2024-11-07 17:40 - DEBUG - Open team 213748
2024-11-07 17:44 - DEBUG - Start of GUI and creation of manager
2024-11-07 17:44 - DEBUG - open_data: Open directory "C:/Users/Simon/PycharmProjects/AuD_GUI/data/2024-11-05_04-color"
2024-11-07 17:44 - DEBUG - Open team at index 0
2024-11-07 17:44 - DEBUG - Open team 213748
2024-11-07 17:45 - DEBUG - Start of GUI and creation of manager
2024-11-07 17:45 - DEBUG - open_data: Open directory "C:/Users/Simon/PycharmProjects/AuD_GUI/data/2024-11-05_04-color"
2024-11-07 17:45 - DEBUG - Open team at index 0
2024-11-07 17:45 - DEBUG - Open team 213748
2024-11-07 17:46 - DEBUG - Start of GUI and creation of manager
2024-11-07 17:46 - DEBUG - open_data: Open directory "C:/Users/Simon/PycharmProjects/AuD_GUI/data/2024-11-05_04-color"
2024-11-07 17:46 - DEBUG - Open team at index 0
2024-11-07 17:46 - DEBUG - Open team 213748
2024-11-07 17:48 - DEBUG - Start of GUI and creation of manager
2024-11-07 17:48 - DEBUG - open_data: Open directory "C:/Users/Simon/PycharmProjects/AuD_GUI/data/2024-11-05_04-color"
2024-11-07 17:48 - DEBUG - Open team at index 0
2024-11-07 17:48 - DEBUG - Open team 213748
2024-11-07 17:50 - DEBUG - Start of GUI and creation of manager
2024-11-07 17:50 - DEBUG - open_data: Open directory "C:/Users/Simon/PycharmProjects/AuD_GUI/data/2024-11-05_04-color"
2024-11-07 17:50 - DEBUG - Open team at index 0
2024-11-07 17:50 - DEBUG - Open team 213748
2024-11-07 17:53 - DEBUG - Start of GUI and creation of manager
2024-11-07 17:53 - DEBUG - open_data: Open directory "C:/Users/Simon/PycharmProjects/AuD_GUI/data/2024-11-05_04-color"
2024-11-07 17:53 - DEBUG - Open team at index 0
2024-11-07 17:53 - DEBUG - Open team 213748
2024-11-07 17:54 - DEBUG - import_data: Importing to "data\2024-11-07_04-color"
2024-11-07 17:54 - DEBUG - Open team at index 0
2024-11-07 17:54 - DEBUG - Open team 213748
2024-11-07 17:54 - DEBUG - Start of GUI and creation of manager
2024-11-07 17:54 - DEBUG - import_data: Importing to "data\2024-11-07_04-color"
2024-11-07 17:54 - DEBUG - Open team at index 0
2024-11-07 17:54 - DEBUG - Open team 213748
2024-11-07 17:54 - DEBUG - Open team at index 0
2024-11-07 17:54 - DEBUG - Open team 213748
2024-11-07 17:54 - DEBUG - Open team at index 0
2024-11-07 17:54 - DEBUG - Open team 213748
2024-11-07 17:54 - DEBUG - Open team at index 0
2024-11-07 17:54 - DEBUG - Open team 213748
2024-11-07 17:54 - DEBUG - Open team at index 0
2024-11-07 17:54 - DEBUG - Open team 213748
2024-11-07 17:54 - DEBUG - Open team at index 0
2024-11-07 17:54 - DEBUG - Open team 213748
2024-11-07 17:54 - DEBUG - Open team at index 0
2024-11-07 17:54 - DEBUG - Open team 213748
2024-11-07 17:55 - DEBUG - Open team at index 0
2024-11-07 17:55 - DEBUG - Open team 213748
2024-11-07 17:55 - DEBUG - Open team at index 0
2024-11-07 17:55 - DEBUG - Open team 213748
2024-11-07 17:55 - DEBUG - Open team at index 0
2024-11-07 17:55 - DEBUG - Open team 213748
2024-11-07 17:55 - DEBUG - Open team at index 0
2024-11-07 17:55 - DEBUG - Open team 213748
2024-11-07 17:55 - DEBUG - Open team at index 0
2024-11-07 17:55 - DEBUG - Open team 213748
2024-11-07 17:55 - DEBUG - Open team at index 0
2024-11-07 17:55 - DEBUG - Open team 213748
2024-11-07 17:55 - DEBUG - Open team at index 0
2024-11-07 17:55 - DEBUG - Open team 213748
2024-11-07 17:55 - DEBUG - Open team at index 0
2024-11-07 17:55 - DEBUG - Open team 213748
2024-11-07 17:55 - DEBUG - Open team at index 0
2024-11-07 17:55 - DEBUG - Open team 213748
2024-11-07 17:55 - DEBUG - Open team at index 0
2024-11-07 17:55 - DEBUG - Open team 213748
2024-11-07 17:55 - DEBUG - Open team at index 0
2024-11-07 17:55 - DEBUG - Open team 213748
2024-11-07 17:55 - DEBUG - open_data: Open directory "C:/Users/Simon/PycharmProjects/AuD_GUI/data/2024-11-05_04-color"
2024-11-07 17:55 - DEBUG - Open team at index 0
2024-11-07 17:55 - DEBUG - Open team 213748
2024-11-07 23:39 - DEBUG - Start of GUI and creation of manager
2024-11-07 23:40 - DEBUG - open_data aborted by user
2024-11-07 23:40 - DEBUG - Open team at index 0
2024-11-07 23:40 - DEBUG - open_data: Open directory "C:/Users/Simon/PycharmProjects/AuD_GUI/data/2024-11-07_04-color"
2024-11-07 23:40 - DEBUG - Open team at index 0
2024-11-07 23:40 - DEBUG - Open team 213748
2024-11-07 23:41 - DEBUG - Start of GUI and creation of manager
2024-11-07 23:43 - DEBUG - Start of GUI and creation of manager
2024-11-07 23:43 - DEBUG - Start of GUI and creation of manager
2024-11-07 23:43 - DEBUG - open_data aborted by user
2024-11-07 23:43 - DEBUG - Open team at index 0
2024-11-07 23:45 - DEBUG - Start of GUI and creation of manager
2024-11-07 23:45 - DEBUG - open_data aborted by user
2024-11-07 23:45 - DEBUG - Start of GUI and creation of manager
2024-11-07 23:45 - DEBUG - Start of GUI and creation of manager
2024-11-07 23:45 - DEBUG - open_data: Open directory "C:/Users/Simon/PycharmProjects/AuD_GUI/data/2024-11-07_04-color"
2024-11-07 23:45 - DEBUG - Open team at index 0
2024-11-07 23:45 - DEBUG - Open team 213748
2024-11-07 23:45 - DEBUG - Open team at index 0
2024-11-07 23:45 - DEBUG - Open team 213748
2024-11-07 23:45 - DEBUG - Open team at index 0
2024-11-07 23:45 - DEBUG - Open team 213748
2024-11-07 23:45 - DEBUG - Start of GUI and creation of manager
2024-11-07 23:45 - DEBUG - open_data: Open directory "C:/Users/Simon/PycharmProjects/AuD_GUI/data/2024-11-07_04-color"
2024-11-07 23:45 - DEBUG - Open team at index 0
2024-11-07 23:45 - DEBUG - Open team 213748
2024-11-07 23:46 - DEBUG - Start of GUI and creation of manager
2024-11-07 23:46 - DEBUG - open_data: Open directory "C:/Users/Simon/PycharmProjects/AuD_GUI/data/2024-11-07_04-color"
2024-11-07 23:46 - DEBUG - Open team at index 0
2024-11-07 23:46 - DEBUG - Open team 213748
2024-11-07 23:46 - DEBUG - Open team at index 0
2024-11-07 23:46 - DEBUG - Open team 213748
2024-11-07 23:46 - DEBUG - Open team at index 0
2024-11-07 23:46 - DEBUG - Open team 213748
2024-11-07 23:46 - DEBUG - Open team at index 0
2024-11-07 23:46 - DEBUG - Open team 213748
2024-11-07 23:46 - DEBUG - Open team at index 0
2024-11-07 23:46 - DEBUG - Open team 213748
2024-11-07 23:46 - DEBUG - Open team at index 0
2024-11-07 23:46 - DEBUG - Open team 213748
2024-11-07 23:46 - DEBUG - Open team at index 0
2024-11-07 23:46 - DEBUG - Open team 213748
2024-11-07 23:50 - DEBUG - Start of GUI and creation of manager
2024-11-07 23:51 - DEBUG - Start of GUI and creation of manager
2024-11-07 23:56 - DEBUG - Start of GUI and creation of manager
2024-11-07 23:57 - DEBUG - open_data: Open directory "C:/Users/Simon/PycharmProjects/AuD_GUI/data/2024-11-05_04-color"
2024-11-07 23:57 - DEBUG - Open team at index 0
2024-11-07 23:57 - DEBUG - Open team 213748
2024-11-07 23:57 - DEBUG - Open team at index 17
2024-11-07 23:57 - DEBUG - Open team 213796
2024-11-07 23:57 - DEBUG - Open team at index 40
2024-11-07 23:57 - DEBUG - Open team 213850
2024-11-07 23:57 - DEBUG - Open team at index 40
2024-11-07 23:57 - DEBUG - Open team 213850
2024-11-07 23:57 - DEBUG - Open team at index 39
2024-11-07 23:57 - DEBUG - Open team 213848
2024-11-07 23:57 - DEBUG - Open team at index 40
2024-11-07 23:57 - DEBUG - Open team 213850
2024-11-07 23:57 - DEBUG - Open team at index 41
2024-11-07 23:57 - DEBUG - Open team 213852
2024-11-07 23:57 - DEBUG - Open team at index 42
2024-11-07 23:57 - DEBUG - Open team 213853
2024-11-07 23:57 - DEBUG - Open team at index 43
2024-11-07 23:57 - DEBUG - Open team 213855
2024-11-07 23:57 - DEBUG - Open team at index 45
2024-11-07 23:57 - DEBUG - Open team 213859
2024-11-07 23:57 - DEBUG - Open team at index 44
2024-11-07 23:57 - DEBUG - Open team 213858
2024-11-07 23:57 - DEBUG - Open team at index 46
2024-11-07 23:57 - DEBUG - Open team 213860
2024-11-07 23:57 - DEBUG - Open team at index 47
2024-11-07 23:57 - DEBUG - Open team 213862
2024-11-07 23:57 - DEBUG - Open team at index 48
2024-11-07 23:57 - DEBUG - Open team 213863
2024-11-07 23:57 - DEBUG - Open team at index 49
2024-11-07 23:57 - DEBUG - Open team 213864
2024-11-07 23:57 - DEBUG - Open team at index 50
2024-11-07 23:57 - DEBUG - Open team 213869
2024-11-07 23:57 - DEBUG - Open team at index 51
2024-11-07 23:57 - DEBUG - Open team 213870
2024-11-07 23:57 - DEBUG - Open team at index 52
2024-11-07 23:57 - DEBUG - Open team 213878
2024-11-07 23:58 - DEBUG - Open team at index 73
2024-11-07 23:58 - DEBUG - Open team 213997
2024-11-07 23:58 - DEBUG - Open team at index 72
2024-11-07 23:58 - DEBUG - Open team 213987
2024-11-07 23:59 - DEBUG - Start of GUI and creation of manager
2024-11-07 23:59 - DEBUG - open_data: Open directory "C:/Users/Simon/PycharmProjects/AuD_GUI/data/2024-11-05_04-color"
2024-11-07 23:59 - DEBUG - Open team at index 0
2024-11-07 23:59 - DEBUG - Open team 213748
2024-11-07 23:59 - DEBUG - Open team at index 36
2024-11-07 23:59 - DEBUG - Open team 213839
2024-11-07 23:59 - DEBUG - Open team at index 35
2024-11-07 23:59 - DEBUG - Open team 213838
2024-11-08 00:00 - DEBUG - Open team at index 44
2024-11-08 00:00 - DEBUG - Open team 213858
2024-11-08 00:00 - DEBUG - Open team at index 45
2024-11-08 00:00 - DEBUG - Open team 213859
2024-11-08 00:00 - DEBUG - Open team at index 46
2024-11-08 00:00 - DEBUG - Open team 213860
2024-11-08 00:00 - DEBUG - Open team at index 47
2024-11-08 00:00 - DEBUG - Open team 213862
2024-11-08 00:00 - DEBUG - Open team at index 48
2024-11-08 00:00 - DEBUG - Open team 213863
2024-11-08 00:00 - DEBUG - Open team at index 49
2024-11-08 00:00 - DEBUG - Open team 213864
2024-11-08 00:00 - DEBUG - Open team at index 48
2024-11-08 00:00 - DEBUG - Open team 213863
2024-11-08 00:00 - DEBUG - Open team at index 49
2024-11-08 00:00 - DEBUG - Open team 213864
2024-11-08 00:00 - DEBUG - Open team at index 50
2024-11-08 00:00 - DEBUG - Open team 213869
2024-11-08 00:00 - DEBUG - Open team at index 51
2024-11-08 00:00 - DEBUG - Open team 213870
2024-11-08 00:00 - DEBUG - Open team at index 52
2024-11-08 00:00 - DEBUG - Open team 213878
2024-11-08 00:00 - DEBUG - Open team at index 53
2024-11-08 00:00 - DEBUG - Open team 213893
2024-11-08 00:00 - DEBUG - Open team at index 54
2024-11-08 00:00 - DEBUG - Open team 213909
2024-11-08 00:01 - DEBUG - Open team at index 55
2024-11-08 00:01 - DEBUG - Open team 213911
2024-11-08 00:01 - DEBUG - Open team at index 56
2024-11-08 00:01 - DEBUG - Open team 213916
2024-11-08 00:01 - DEBUG - Open team at index 57
2024-11-08 00:01 - DEBUG - Open team 213920
2024-11-08 00:01 - DEBUG - Open team at index 58
2024-11-08 00:01 - DEBUG - Open team 213929
2024-11-08 00:01 - DEBUG - Open team at index 59
2024-11-08 00:01 - DEBUG - Open team 213931
2024-11-08 00:01 - DEBUG - Open team at index 60
2024-11-08 00:01 - DEBUG - Open team 213937
2024-11-08 00:01 - DEBUG - Open team at index 61
2024-11-08 00:01 - DEBUG - Open team 213940
2024-11-08 00:01 - DEBUG - Open team at index 60
2024-11-08 00:01 - DEBUG - Open team 213937
2024-11-08 00:01 - DEBUG - Open team at index 59
2024-11-08 00:01 - DEBUG - Open team 213931
2024-11-08 00:01 - DEBUG - Open team at index 58
2024-11-08 00:01 - DEBUG - Open team 213929
2024-11-08 00:01 - DEBUG - Open team at index 59
2024-11-08 00:01 - DEBUG - Open team 213931
2024-11-08 00:01 - DEBUG - Open team at index 60
2024-11-08 00:01 - DEBUG - Open team 213937
2024-11-08 00:01 - DEBUG - Open team at index 61
2024-11-08 00:01 - DEBUG - Open team 213940
2024-11-08 00:01 - DEBUG - Open team at index 62
2024-11-08 00:01 - DEBUG - Open team 213950
2024-11-08 00:01 - DEBUG - Open team at index 63
2024-11-08 00:01 - DEBUG - Open team 213968
2024-11-08 00:01 - DEBUG - Open team at index 64
2024-11-08 00:01 - DEBUG - Open team 213969
2024-11-08 00:01 - DEBUG - Open team at index 65
2024-11-08 00:01 - DEBUG - Open team 213973
2024-11-08 00:01 - DEBUG - Open team at index 66
2024-11-08 00:01 - DEBUG - Open team 213975
2024-11-08 00:01 - DEBUG - Open team at index 65
2024-11-08 00:01 - DEBUG - Open team 213973
2024-11-08 00:01 - DEBUG - Open team at index 66
2024-11-08 00:01 - DEBUG - Open team 213975
2024-11-08 00:01 - DEBUG - Open team at index 67
2024-11-08 00:01 - DEBUG - Open team 213977
2024-11-08 00:01 - DEBUG - Open team at index 68
2024-11-08 00:01 - DEBUG - Open team 213980
2024-11-08 00:01 - DEBUG - Open team at index 69
2024-11-08 00:01 - DEBUG - Open team 213984
2024-11-08 00:01 - DEBUG - Open team at index 70
2024-11-08 00:01 - DEBUG - Open team 213985
2024-11-08 00:01 - DEBUG - Open team at index 71
2024-11-08 00:01 - DEBUG - Open team 213986
2024-11-08 00:01 - DEBUG - Open team at index 72
2024-11-08 00:01 - DEBUG - Open team 213987
2024-11-08 00:01 - DEBUG - Open team at index 73
2024-11-08 00:01 - DEBUG - Open team 213997
2024-11-08 00:01 - DEBUG - Open team at index 73
2024-11-08 00:01 - DEBUG - Open team 213997
2024-11-08 00:01 - DEBUG - Open team at index 73
2024-11-08 00:01 - DEBUG - Open team 213997
2024-11-08 00:01 - DEBUG - Open team at index 73
2024-11-08 00:01 - DEBUG - Open team 213997
2024-11-08 00:01 - DEBUG - Open team at index 73
2024-11-08 00:01 - DEBUG - Open team 213997
2024-11-08 00:01 - DEBUG - Open team at index 73
2024-11-08 00:01 - DEBUG - Open team 213997
2024-11-08 00:01 - DEBUG - Open team at index 73
2024-11-08 00:01 - DEBUG - Open team 213997
2024-11-08 00:01 - DEBUG - Open team at index 73
2024-11-08 00:01 - DEBUG - Open team 213997
2024-11-08 00:01 - DEBUG - Open team at index 73
2024-11-08 00:01 - DEBUG - Open team 213997
2024-11-08 00:01 - DEBUG - Open team at index 73
2024-11-08 00:01 - DEBUG - Open team 213997
2024-11-08 00:01 - DEBUG - Open team at index 73
2024-11-08 00:01 - DEBUG - Open team 213997
2024-11-08 00:01 - DEBUG - Open team at index 73
2024-11-08 00:01 - DEBUG - Open team 213997
2024-11-08 00:01 - DEBUG - Open team at index 73
2024-11-08 00:01 - DEBUG - Open team 213997
2024-11-08 00:01 - DEBUG - Open team at index 72
2024-11-08 00:01 - DEBUG - Open team 213987
2024-11-08 00:01 - DEBUG - Open team at index 71
2024-11-08 00:01 - DEBUG - Open team 213986
2024-11-08 00:01 - DEBUG - Open team at index 70
2024-11-08 00:01 - DEBUG - Open team 213985
2024-11-08 00:01 - DEBUG - Open team at index 69
2024-11-08 00:01 - DEBUG - Open team 213984
2024-11-08 00:01 - DEBUG - Open team at index 68
2024-11-08 00:01 - DEBUG - Open team 213980
2024-11-08 00:01 - DEBUG - Open team at index 67
2024-11-08 00:01 - DEBUG - Open team 213977
2024-11-08 00:01 - DEBUG - Open team at index 66
2024-11-08 00:01 - DEBUG - Open team 213975
2024-11-08 00:01 - DEBUG - Open team at index 65
2024-11-08 00:01 - DEBUG - Open team 213973
2024-11-08 00:01 - DEBUG - Open team at index 0
2024-11-08 00:01 - DEBUG - Open team 213748
2024-11-08 00:01 - DEBUG - Open team at index 1
2024-11-08 00:01 - DEBUG - Open team 213754
2024-11-08 00:01 - DEBUG - Open team at index 2
2024-11-08 00:01 - DEBUG - Open team 213758
2024-11-08 00:01 - DEBUG - Open team at index 3
2024-11-08 00:01 - DEBUG - Open team 213759
2024-11-08 00:01 - DEBUG - Open team at index 4
2024-11-08 00:01 - DEBUG - Open team 213762
2024-11-08 00:01 - DEBUG - Open team at index 5
2024-11-08 00:01 - DEBUG - Open team 213764
2024-11-08 00:01 - DEBUG - Open team at index 6
2024-11-08 00:01 - DEBUG - Open team 213766
2024-11-08 00:01 - DEBUG - Open team at index 7
2024-11-08 00:01 - DEBUG - Open team 213767
2024-11-08 00:01 - DEBUG - Open team at index 8
2024-11-08 00:01 - DEBUG - Open team 213771
2024-11-08 00:01 - DEBUG - Open team at index 7
2024-11-08 00:01 - DEBUG - Open team 213767
2024-11-08 00:01 - DEBUG - Open team at index 8
2024-11-08 00:01 - DEBUG - Open team 213771
2024-11-08 00:01 - DEBUG - Open team at index 7
2024-11-08 00:01 - DEBUG - Open team 213767
2024-11-08 00:01 - DEBUG - Open team at index 8
2024-11-08 00:01 - DEBUG - Open team 213771
2024-11-08 00:01 - DEBUG - Open team at index 9
2024-11-08 00:01 - DEBUG - Open team 213774
2024-11-08 00:01 - DEBUG - Open team at index 10
2024-11-08 00:01 - DEBUG - Open team 213776
2024-11-08 00:01 - DEBUG - Open team at index 11
2024-11-08 00:01 - DEBUG - Open team 213779
2024-11-08 00:01 - DEBUG - Open team at index 12
2024-11-08 00:01 - DEBUG - Open team 213782
2024-11-08 00:01 - DEBUG - Open team at index 13
2024-11-08 00:01 - DEBUG - Open team 213787
2024-11-08 00:01 - DEBUG - Open team at index 14
2024-11-08 00:01 - DEBUG - Open team 213790
2024-11-08 00:01 - DEBUG - Open team at index 15
2024-11-08 00:01 - DEBUG - Open team 213791
2024-11-08 00:01 - DEBUG - Open team at index 16
2024-11-08 00:01 - DEBUG - Open team 213793
2024-11-08 00:01 - DEBUG - Open team at index 17
2024-11-08 00:01 - DEBUG - Open team 213796
2024-11-08 00:01 - DEBUG - Open team at index 18
2024-11-08 00:01 - DEBUG - Open team 213797
2024-11-08 00:01 - DEBUG - Open team at index 19
2024-11-08 00:01 - DEBUG - Open team 213799
2024-11-08 00:01 - DEBUG - Open team at index 20
2024-11-08 00:01 - DEBUG - Open team 213805
2024-11-08 00:02 - DEBUG - Open team at index 19
2024-11-08 00:02 - DEBUG - Open team 213799
2024-11-08 00:02 - DEBUG - Open team at index 20
2024-11-08 00:02 - DEBUG - Open team 213805
2024-11-08 00:02 - DEBUG - Open team at index 19
2024-11-08 00:02 - DEBUG - Open team 213799
2024-11-08 00:03 - DEBUG - Open team at index 0
2024-11-08 00:03 - DEBUG - Open team 213748
