2024-11-04 01:05 - INFO - Start of GUI and creation of manager
2024-11-04 01:05 - INFO - open_data aborted by user
2024-11-04 20:17 - DEBUG - Start of GUI and creation of manager
2024-11-04 20:17 - DEBUG - import_data: Importing to "data\2024-11-04_04-color"
2024-11-04 20:20 - DEBUG - Start of GUI and creation of manager
2024-11-04 20:21 - DEBUG - import_data: Importing to "data\2024-11-04_04-color"
2024-11-04 20:28 - DEBUG - Start of GUI and creation of manager
2024-11-04 20:28 - DEBUG - import_data: Importing to "data\2024-11-04_04-color"
2024-11-04 20:30 - DEBUG - Start of GUI and creation of manager
2024-11-04 20:30 - DEBUG - import_data: Importing to "data\2024-11-04_04-color"
2024-11-04 20:31 - DEBUG - Start of GUI and creation of manager
2024-11-04 20:31 - DEBUG - import_data: Importing to "data\2024-11-04_04-color"
2024-11-04 20:32 - DEBUG - Start of GUI and creation of manager
2024-11-04 20:33 - DEBUG - import_data: Importing to "data\2024-11-04_04-color"
2024-11-04 20:34 - DEBUG - Start of GUI and creation of manager
2024-11-04 20:34 - DEBUG - import_data: Importing to "data\2024-11-04_04-color"
2024-11-04 20:37 - DEBUG - Start of GUI and creation of manager
2024-11-04 20:37 - DEBUG - import_data: Importing to "data\2024-11-04_04-color"
2024-11-04 20:50 - DEBUG - Start of GUI and creation of manager
2024-11-04 20:50 - DEBUG - import_data: Importing to "data\2024-11-04_04-color"
2024-11-04 20:52 - DEBUG - Start of GUI and creation of manager
2024-11-04 20:54 - DEBUG - Start of GUI and creation of manager
2024-11-04 20:54 - DEBUG - open_data: Open directory "C:/Users/Simon/PycharmProjects/AuD_GUI/data/2024-10-30_04-color"
2024-11-04 20:59 - DEBUG - Start of GUI and creation of manager
2024-11-04 20:59 - DEBUG - open_data: Open directory "C:/Users/Simon/PycharmProjects/AuD_GUI/data/2024-11-04_04-color"
2024-11-04 20:59 - DEBUG - Start of GUI and creation of manager
2024-11-04 21:00 - DEBUG - open_data: Open directory "C:/Users/Simon/PycharmProjects/AuD_GUI/data/2024-11-04_04-color"
2024-11-04 23:51 - DEBUG - Start of GUI and creation of manager
