2024-11-10 18:32 - DEBUG - Start of GUI and creation of manager
2024-11-10 18:32 - DEBUG - open_data: Open directory "C:/Users/Simon/PycharmProjects/AuD_GUI/data/2024-11-08_09-BinarySearchTree"
2024-11-10 18:32 - DEBUG - Open team at index 0
2024-11-10 18:32 - DEBUG - Open team 238140
2024-11-10 18:33 - DEBUG - Start of GUI and creation of manager
2024-11-10 18:33 - DEBUG - Start of GUI and creation of manager
2024-11-10 18:34 - DEBUG - open_data: Open directory "C:/Users/Simon/PycharmProjects/AuD_GUI/data/2024-11-08_09-BinarySearchTree"
2024-11-10 18:34 - DEBUG - Open team at index 0
2024-11-10 18:34 - DEBUG - Open team 238140
2024-11-10 18:34 - DEBUG - Start of GUI and creation of manager
2024-11-10 18:34 - DEBUG - open_data: Open directory "C:/Users/Simon/PycharmProjects/AuD_GUI/data/2024-11-07_04-color"
2024-11-10 18:34 - DEBUG - Open team at index 0
2024-11-10 18:34 - DEBUG - Open team 213748
2024-11-10 18:35 - DEBUG - Start of GUI and creation of manager
2024-11-10 18:35 - DEBUG - Start of GUI and creation of manager
2024-11-10 18:35 - DEBUG - open_data: Open directory "C:/Users/Simon/PycharmProjects/AuD_GUI/data/2024-11-07_04-color"
2024-11-10 18:35 - DEBUG - Open team at index 0
2024-11-10 18:35 - DEBUG - Open team 213748
2024-11-10 18:35 - DEBUG - Start of GUI and creation of manager
2024-11-10 18:35 - DEBUG - open_data: Open directory "C:/Users/Simon/PycharmProjects/AuD_GUI/data/2024-11-07_04-color"
2024-11-10 18:35 - DEBUG - Open team at index 0
2024-11-10 18:35 - DEBUG - Open team 213748
2024-11-10 18:36 - DEBUG - Start of GUI and creation of manager
2024-11-10 18:36 - DEBUG - open_data: Open directory "C:/Users/Simon/PycharmProjects/AuD_GUI/data/2024-11-07_04-color"
2024-11-10 18:36 - DEBUG - Open team at index 0
2024-11-10 18:36 - DEBUG - Open team 213748
2024-11-10 18:36 - DEBUG - open_data aborted by user
2024-11-10 18:38 - DEBUG - Start of GUI and creation of manager
2024-11-10 18:40 - DEBUG - Start of GUI and creation of manager
2024-11-10 18:40 - DEBUG - open_data aborted by user
2024-11-10 18:40 - DEBUG - Start of GUI and creation of manager
2024-11-10 18:40 - DEBUG - open_data aborted by user
2024-11-10 18:41 - DEBUG - Start of GUI and creation of manager
2024-11-10 18:41 - DEBUG - open_data: Open directory "C:/Users/Simon/PycharmProjects/AuD_GUI/data/2024-11-07_04-color"
2024-11-10 18:41 - DEBUG - Open team at index 0
2024-11-10 18:41 - DEBUG - Open team 213748
2024-11-10 21:05 - DEBUG - Start of GUI and creation of manager
2024-11-10 21:05 - DEBUG - open_data: Open directory "C:/Users/Simon/PycharmProjects/AuD_GUI/data/2024-11-05_04-color"
2024-11-10 21:05 - DEBUG - Open team at index 0
2024-11-10 21:05 - DEBUG - Open team 213748
2024-11-10 21:06 - DEBUG - Open team at index 1
2024-11-10 21:06 - DEBUG - Open team 213754
2024-11-10 21:06 - DEBUG - Open team at index 2
2024-11-10 21:06 - DEBUG - Open team 213758
2024-11-10 21:06 - DEBUG - Open team at index 3
2024-11-10 21:06 - DEBUG - Open team 213759
2024-11-10 21:06 - DEBUG - Open team at index 0
2024-11-10 21:06 - DEBUG - Open team 213748
2024-11-10 21:06 - DEBUG - Open team at index 1
2024-11-10 21:06 - DEBUG - Open team 213754
2024-11-10 21:06 - DEBUG - Open team at index 2
2024-11-10 21:06 - DEBUG - Open team 213758
2024-11-10 21:06 - DEBUG - Open team at index 1
2024-11-10 21:06 - DEBUG - Open team 213754
2024-11-10 21:06 - DEBUG - Open team at index 0
2024-11-10 21:06 - DEBUG - Open team 213748
2024-11-10 21:06 - DEBUG - Open team at index 0
2024-11-10 21:06 - DEBUG - Open team 213748
2024-11-10 21:06 - DEBUG - Open team at index 1
2024-11-10 21:06 - DEBUG - Open team 213754
2024-11-10 21:06 - DEBUG - Open team at index 0
2024-11-10 21:06 - DEBUG - Open team 213748
2024-11-10 21:07 - DEBUG - open_data: Open directory "C:/Users/Simon/PycharmProjects/AuD_GUI/data/2024-11-07_04-color"
2024-11-10 21:07 - DEBUG - Open team at index 0
2024-11-10 21:07 - DEBUG - Open team 213748
2024-11-10 21:09 - DEBUG - Open team at index 0
2024-11-10 21:09 - DEBUG - Open team 213748
2024-11-10 21:09 - DEBUG - Open team at index 0
2024-11-10 21:09 - DEBUG - Open team 213748
2024-11-10 21:09 - DEBUG - Open team at index 0
2024-11-10 21:09 - DEBUG - Open team 213748
2024-11-10 21:09 - DEBUG - Open team at index 0
2024-11-10 21:09 - DEBUG - Open team 213748
2024-11-10 21:09 - DEBUG - Open team at index 0
2024-11-10 21:09 - DEBUG - Open team 213748
2024-11-10 21:09 - DEBUG - Open team at index 0
2024-11-10 21:09 - DEBUG - Open team 213748
2024-11-10 21:09 - DEBUG - Open team at index 0
2024-11-10 21:09 - DEBUG - Open team 213748
2024-11-10 21:09 - DEBUG - Open team at index 0
2024-11-10 21:09 - DEBUG - Open team 213748
2024-11-10 21:09 - DEBUG - Open team at index 0
2024-11-10 21:09 - DEBUG - Open team 213748
2024-11-10 21:09 - DEBUG - Open team at index 0
2024-11-10 21:09 - DEBUG - Open team 213748
2024-11-10 21:10 - DEBUG - Open team at index 0
2024-11-10 21:10 - DEBUG - Open team 213748
2024-11-10 21:10 - DEBUG - Open team at index 0
2024-11-10 21:10 - DEBUG - Open team 213748
2024-11-10 21:11 - DEBUG - Open team at index 0
2024-11-10 21:11 - DEBUG - Open team 213748
2024-11-10 21:11 - DEBUG - Open PDF for team 213748 (Location: "C:/Users/Simon/PycharmProjects/AuD_GUI\data\2024-11-07_04-color\Programmieraufgabe 4 - 04-color-Korrektur\Abgaben\Team 213748\Korrektur.pdf")
2024-11-10 23:40 - DEBUG - Start of GUI and creation of manager
2024-11-10 23:40 - DEBUG - open_data: Open directory "C:/Users/Simon/PycharmProjects/AuD_GUI/data/2024-11-07_04-color"
2024-11-10 23:40 - DEBUG - Open team at index 0
2024-11-10 23:40 - DEBUG - Open team 213748
2024-11-10 23:41 - DEBUG - Start of GUI and creation of manager
2024-11-10 23:41 - DEBUG - open_data: Open directory "C:/Users/Simon/PycharmProjects/AuD_GUI/data/2024-11-07_04-color"
2024-11-10 23:41 - DEBUG - Open team at index 0
2024-11-10 23:41 - DEBUG - Open team 213748
2024-11-10 23:44 - DEBUG - Start of GUI and creation of manager
2024-11-10 23:44 - DEBUG - open_data: Open directory "C:/Users/Simon/PycharmProjects/AuD_GUI/data/2024-11-07_04-color"
2024-11-10 23:44 - DEBUG - Open team at index 0
2024-11-10 23:44 - DEBUG - Open team 213748
2024-11-10 23:45 - DEBUG - Start of GUI and creation of manager
2024-11-10 23:45 - DEBUG - open_data: Open directory "C:/Users/Simon/PycharmProjects/AuD_GUI/data/2024-11-07_04-color"
2024-11-10 23:45 - DEBUG - Open team at index 0
2024-11-10 23:45 - DEBUG - Open team 213748
2024-11-10 23:49 - DEBUG - Start of GUI and creation of manager
2024-11-10 23:50 - DEBUG - open_data: Open directory "C:/Users/Simon/PycharmProjects/AuD_GUI/data/2024-11-07_04-color"
2024-11-10 23:50 - DEBUG - Open team at index 0
2024-11-10 23:50 - DEBUG - Open team 213748
2024-11-10 23:50 - DEBUG - Start of GUI and creation of manager
2024-11-10 23:50 - DEBUG - open_data: Open directory "C:/Users/Simon/PycharmProjects/AuD_GUI/data/2024-11-07_04-color"
2024-11-10 23:50 - DEBUG - Open team at index 0
2024-11-10 23:50 - DEBUG - Open team 213748
2024-11-10 23:51 - DEBUG - Start of GUI and creation of manager
2024-11-10 23:51 - DEBUG - open_data: Open directory "C:/Users/Simon/PycharmProjects/AuD_GUI/data/2024-11-07_04-color"
2024-11-10 23:51 - DEBUG - Open team at index 0
2024-11-10 23:51 - DEBUG - Open team 213748
